This is pdfTeX, Version 3.141592653-2.6-1.40.23 (MiKTeX 21.10) (preloaded format=pdflatex 2021.10.24)  24 OCT 2021 10:03
entering extended mode
**./Monotoniforhold.tex
(Monotoniforhold.tex
LaTeX2e <2021-06-01> patch level 1
L3 programming layer <2021-10-18>

! LaTeX Error: Missing \begin{document}.

See the LaTeX manual or LaTeX Companion for explanation.
Type  H <return>  for immediate help.
 ...                                              
                                                  
l.1 \begin{center}
                  
You're in trouble here.  Try typing  <return>  to proceed.
If that doesn't work, type  X <return>  to quit.


Overfull \hbox (20.0pt too wide) in paragraph at lines 1--1
[] 
 []

! Undefined control sequence.
l.2 \Huge
          Monotoniforhold\\
The control sequence at the end of the top line
of your error message was never \def'ed. If you have
misspelled it (e.g., `\hobx'), type `I' and the correct
spelling (e.g., `I\hbox'). Otherwise just continue,
and I'll forget about whatever was undefined.

Missing character: There is no M in font nullfont!
Missing character: There is no o in font nullfont!
Missing character: There is no n in font nullfont!
Missing character: There is no o in font nullfont!
Missing character: There is no t in font nullfont!
Missing character: There is no o in font nullfont!
Missing character: There is no n in font nullfont!
Missing character: There is no i in font nullfont!
Missing character: There is no f in font nullfont!
Missing character: There is no o in font nullfont!
Missing character: There is no r in font nullfont!
Missing character: There is no h in font nullfont!
Missing character: There is no o in font nullfont!
Missing character: There is no l in font nullfont!
Missing character: There is no d in font nullfont!
)
! Emergency stop.
<*> ./Monotoniforhold.tex
                         
*** (job aborted, no legal \end found)

 
Here is how much of TeX's memory you used:
 18 strings out of 478907
 519 string characters out of 2851891
 291417 words of memory out of 3000000
 17998 multiletter control sequences out of 15000+600000
 403430 words of font info for 27 fonts, out of 8000000 for 9000
 1141 hyphenation exceptions out of 8191
 15i,1n,12p,77b,63s stack positions out of 5000i,500n,10000p,200000b,80000s
!  ==> Fatal error occurred, no output PDF file produced!
